CRITICAL - 2024-06-27 10:57:59 --> CodeIgniter\View\Exceptions\ViewException: Invalid file: "admin/layout/sidebar.php"
[Method: GET, Route: /]
in SYSTEMPATH\Exceptions\FrameworkException.php on line 41.
 1 SYSTEMPATH\View\View.php(222): CodeIgniter\Exceptions\FrameworkException::forInvalidFile()
 2 SYSTEMPATH\View\View.php(484): CodeIgniter\View\View->render()
 3 APPPATH\Views\admin\layout\template.php(38): CodeIgniter\View\View->include()
 4 SYSTEMPATH\View\View.php(234): include('C:\\xampp\\htdocs\\bandatourmap\\app\\Views\\admin\\layout\\template.php')
 5 SYSTEMPATH\View\View.php(237): CodeIgniter\View\View->CodeIgniter\View\{closure}()
 6 SYSTEMPATH\View\View.php(250): CodeIgniter\View\View->render()
 7 SYSTEMPATH\Common.php(1171): CodeIgniter\View\View->render()
 8 APPPATH\Controllers\Admin\DashboardController.php(19): view()
 9 SYSTEMPATH\CodeIgniter.php(933): App\Controllers\Admin\DashboardController->index()
10 SYSTEMPATH\CodeIgniter.php(509): CodeIgniter\CodeIgniter->runController()
11 SYSTEMPATH\CodeIgniter.php(355): CodeIgniter\CodeIgniter->handleRequest()
12 SYSTEMPATH\Boot.php(312): CodeIgniter\CodeIgniter->run()
13 SYSTEMPATH\Boot.php(67): CodeIgniter\Boot::runCodeIgniter()
14 FCPATH\index.php(56): CodeIgniter\Boot::bootWeb()
CRITICAL - 2024-06-27 10:58:57 --> CodeIgniter\View\Exceptions\ViewException: Invalid file: "admin/layout/sidebar.php"
[Method: GET, Route: /]
in SYSTEMPATH\Exceptions\FrameworkException.php on line 41.
 1 SYSTEMPATH\View\View.php(222): CodeIgniter\Exceptions\FrameworkException::forInvalidFile()
 2 SYSTEMPATH\View\View.php(484): CodeIgniter\View\View->render()
 3 APPPATH\Views\admin\layout\template.php(38): CodeIgniter\View\View->include()
 4 SYSTEMPATH\View\View.php(234): include('C:\\xampp\\htdocs\\bandatourmap\\app\\Views\\admin\\layout\\template.php')
 5 SYSTEMPATH\View\View.php(237): CodeIgniter\View\View->CodeIgniter\View\{closure}()
 6 SYSTEMPATH\View\View.php(250): CodeIgniter\View\View->render()
 7 SYSTEMPATH\Common.php(1171): CodeIgniter\View\View->render()
 8 APPPATH\Controllers\Admin\DashboardController.php(19): view()
 9 SYSTEMPATH\CodeIgniter.php(933): App\Controllers\Admin\DashboardController->index()
10 SYSTEMPATH\CodeIgniter.php(509): CodeIgniter\CodeIgniter->runController()
11 SYSTEMPATH\CodeIgniter.php(355): CodeIgniter\CodeIgniter->handleRequest()
12 SYSTEMPATH\Boot.php(312): CodeIgniter\CodeIgniter->run()
13 SYSTEMPATH\Boot.php(67): CodeIgniter\Boot::runCodeIgniter()
14 FCPATH\index.php(56): CodeIgniter\Boot::bootWeb()
CRITICAL - 2024-06-27 11:02:27 --> CodeIgniter\View\Exceptions\ViewException: Invalid file: "admin/layout/sidebar.php"
[Method: GET, Route: /]
in SYSTEMPATH\Exceptions\FrameworkException.php on line 41.
 1 SYSTEMPATH\View\View.php(222): CodeIgniter\Exceptions\FrameworkException::forInvalidFile()
 2 SYSTEMPATH\View\View.php(484): CodeIgniter\View\View->render()
 3 APPPATH\Views\admin\layout\template.php(38): CodeIgniter\View\View->include()
 4 SYSTEMPATH\View\View.php(234): include('C:\\xampp\\htdocs\\bandatourmap\\app\\Views\\admin\\layout\\template.php')
 5 SYSTEMPATH\View\View.php(237): CodeIgniter\View\View->CodeIgniter\View\{closure}()
 6 SYSTEMPATH\View\View.php(250): CodeIgniter\View\View->render()
 7 SYSTEMPATH\Common.php(1171): CodeIgniter\View\View->render()
 8 APPPATH\Controllers\Admin\DashboardController.php(19): view()
 9 SYSTEMPATH\CodeIgniter.php(933): App\Controllers\Admin\DashboardController->index()
10 SYSTEMPATH\CodeIgniter.php(509): CodeIgniter\CodeIgniter->runController()
11 SYSTEMPATH\CodeIgniter.php(355): CodeIgniter\CodeIgniter->handleRequest()
12 SYSTEMPATH\Boot.php(312): CodeIgniter\CodeIgniter->run()
13 SYSTEMPATH\Boot.php(67): CodeIgniter\Boot::runCodeIgniter()
14 FCPATH\index.php(56): CodeIgniter\Boot::bootWeb()
CRITICAL - 2024-06-27 14:16:40 --> CodeIgniter\View\Exceptions\ViewException: Invalid file: "admin/layout/sidebar.php"
[Method: GET, Route: /]
in SYSTEMPATH\Exceptions\FrameworkException.php on line 41.
 1 SYSTEMPATH\View\View.php(222): CodeIgniter\Exceptions\FrameworkException::forInvalidFile()
 2 SYSTEMPATH\View\View.php(484): CodeIgniter\View\View->render()
 3 APPPATH\Views\admin\layout\template.php(38): CodeIgniter\View\View->include()
 4 SYSTEMPATH\View\View.php(234): include('C:\\xampp\\htdocs\\bandatourmap\\app\\Views\\admin\\layout\\template.php')
 5 SYSTEMPATH\View\View.php(237): CodeIgniter\View\View->CodeIgniter\View\{closure}()
 6 SYSTEMPATH\View\View.php(250): CodeIgniter\View\View->render()
 7 SYSTEMPATH\Common.php(1171): CodeIgniter\View\View->render()
 8 APPPATH\Controllers\Admin\DashboardController.php(19): view()
 9 SYSTEMPATH\CodeIgniter.php(933): App\Controllers\Admin\DashboardController->index()
10 SYSTEMPATH\CodeIgniter.php(509): CodeIgniter\CodeIgniter->runController()
11 SYSTEMPATH\CodeIgniter.php(355): CodeIgniter\CodeIgniter->handleRequest()
12 SYSTEMPATH\Boot.php(312): CodeIgniter\CodeIgniter->run()
13 SYSTEMPATH\Boot.php(67): CodeIgniter\Boot::runCodeIgniter()
14 FCPATH\index.php(56): CodeIgniter\Boot::bootWeb()
CRITICAL - 2024-06-27 14:19:44 --> CodeIgniter\View\Exceptions\ViewException: Invalid file: "admin/layout/sidebar.php"
[Method: GET, Route: /]
in SYSTEMPATH\Exceptions\FrameworkException.php on line 41.
 1 SYSTEMPATH\View\View.php(222): CodeIgniter\Exceptions\FrameworkException::forInvalidFile()
 2 SYSTEMPATH\View\View.php(484): CodeIgniter\View\View->render()
 3 APPPATH\Views\admin\layout\template.php(38): CodeIgniter\View\View->include()
 4 SYSTEMPATH\View\View.php(234): include('C:\\xampp\\htdocs\\bandatourmap\\app\\Views\\admin\\layout\\template.php')
 5 SYSTEMPATH\View\View.php(237): CodeIgniter\View\View->CodeIgniter\View\{closure}()
 6 SYSTEMPATH\View\View.php(250): CodeIgniter\View\View->render()
 7 SYSTEMPATH\Common.php(1171): CodeIgniter\View\View->render()
 8 APPPATH\Controllers\Admin\DashboardController.php(19): view()
 9 SYSTEMPATH\CodeIgniter.php(933): App\Controllers\Admin\DashboardController->index()
10 SYSTEMPATH\CodeIgniter.php(509): CodeIgniter\CodeIgniter->runController()
11 SYSTEMPATH\CodeIgniter.php(355): CodeIgniter\CodeIgniter->handleRequest()
12 SYSTEMPATH\Boot.php(312): CodeIgniter\CodeIgniter->run()
13 SYSTEMPATH\Boot.php(67): CodeIgniter\Boot::runCodeIgniter()
14 FCPATH\index.php(56): CodeIgniter\Boot::bootWeb()
CRITICAL - 2024-06-27 14:21:40 --> CodeIgniter\View\Exceptions\ViewException: Invalid file: "admin/layout/sidebar.php"
[Method: GET, Route: /]
in SYSTEMPATH\Exceptions\FrameworkException.php on line 41.
 1 SYSTEMPATH\View\View.php(222): CodeIgniter\Exceptions\FrameworkException::forInvalidFile()
 2 SYSTEMPATH\View\View.php(484): CodeIgniter\View\View->render()
 3 APPPATH\Views\admin\layout\template.php(38): CodeIgniter\View\View->include()
 4 SYSTEMPATH\View\View.php(234): include('C:\\xampp\\htdocs\\bandatourmap\\app\\Views\\admin\\layout\\template.php')
 5 SYSTEMPATH\View\View.php(237): CodeIgniter\View\View->CodeIgniter\View\{closure}()
 6 SYSTEMPATH\View\View.php(250): CodeIgniter\View\View->render()
 7 SYSTEMPATH\Common.php(1171): CodeIgniter\View\View->render()
 8 APPPATH\Controllers\Admin\DashboardController.php(19): view()
 9 SYSTEMPATH\CodeIgniter.php(933): App\Controllers\Admin\DashboardController->index()
10 SYSTEMPATH\CodeIgniter.php(509): CodeIgniter\CodeIgniter->runController()
11 SYSTEMPATH\CodeIgniter.php(355): CodeIgniter\CodeIgniter->handleRequest()
12 SYSTEMPATH\Boot.php(312): CodeIgniter\CodeIgniter->run()
13 SYSTEMPATH\Boot.php(67): CodeIgniter\Boot::runCodeIgniter()
14 FCPATH\index.php(56): CodeIgniter\Boot::bootWeb()
CRITICAL - 2024-06-27 14:22:20 --> CodeIgniter\View\Exceptions\ViewException: Invalid file: "admin/layout/sidebar.php"
[Method: GET, Route: /]
in SYSTEMPATH\Exceptions\FrameworkException.php on line 41.
 1 SYSTEMPATH\View\View.php(222): CodeIgniter\Exceptions\FrameworkException::forInvalidFile()
 2 SYSTEMPATH\View\View.php(484): CodeIgniter\View\View->render()
 3 APPPATH\Views\admin\layout\template.php(38): CodeIgniter\View\View->include()
 4 SYSTEMPATH\View\View.php(234): include('C:\\xampp\\htdocs\\bandatourmap\\app\\Views\\admin\\layout\\template.php')
 5 SYSTEMPATH\View\View.php(237): CodeIgniter\View\View->CodeIgniter\View\{closure}()
 6 SYSTEMPATH\View\View.php(250): CodeIgniter\View\View->render()
 7 SYSTEMPATH\Common.php(1171): CodeIgniter\View\View->render()
 8 APPPATH\Controllers\Admin\DashboardController.php(19): view()
 9 SYSTEMPATH\CodeIgniter.php(933): App\Controllers\Admin\DashboardController->index()
10 SYSTEMPATH\CodeIgniter.php(509): CodeIgniter\CodeIgniter->runController()
11 SYSTEMPATH\CodeIgniter.php(355): CodeIgniter\CodeIgniter->handleRequest()
12 SYSTEMPATH\Boot.php(312): CodeIgniter\CodeIgniter->run()
13 SYSTEMPATH\Boot.php(67): CodeIgniter\Boot::runCodeIgniter()
14 FCPATH\index.php(56): CodeIgniter\Boot::bootWeb()
CRITICAL - 2024-06-27 14:22:25 --> CodeIgniter\View\Exceptions\ViewException: Invalid file: "admin/layout/sidebar.php"
[Method: GET, Route: /]
in SYSTEMPATH\Exceptions\FrameworkException.php on line 41.
 1 SYSTEMPATH\View\View.php(222): CodeIgniter\Exceptions\FrameworkException::forInvalidFile()
 2 SYSTEMPATH\View\View.php(484): CodeIgniter\View\View->render()
 3 APPPATH\Views\admin\layout\template.php(38): CodeIgniter\View\View->include()
 4 SYSTEMPATH\View\View.php(234): include('C:\\xampp\\htdocs\\bandatourmap\\app\\Views\\admin\\layout\\template.php')
 5 SYSTEMPATH\View\View.php(237): CodeIgniter\View\View->CodeIgniter\View\{closure}()
 6 SYSTEMPATH\View\View.php(250): CodeIgniter\View\View->render()
 7 SYSTEMPATH\Common.php(1171): CodeIgniter\View\View->render()
 8 APPPATH\Controllers\Admin\DashboardController.php(19): view()
 9 SYSTEMPATH\CodeIgniter.php(933): App\Controllers\Admin\DashboardController->index()
10 SYSTEMPATH\CodeIgniter.php(509): CodeIgniter\CodeIgniter->runController()
11 SYSTEMPATH\CodeIgniter.php(355): CodeIgniter\CodeIgniter->handleRequest()
12 SYSTEMPATH\Boot.php(312): CodeIgniter\CodeIgniter->run()
13 SYSTEMPATH\Boot.php(67): CodeIgniter\Boot::runCodeIgniter()
14 FCPATH\index.php(56): CodeIgniter\Boot::bootWeb()
CRITICAL - 2024-06-27 14:22:28 --> CodeIgniter\View\Exceptions\ViewException: Invalid file: "admin/layout/sidebar.php"
[Method: GET, Route: /]
in SYSTEMPATH\Exceptions\FrameworkException.php on line 41.
 1 SYSTEMPATH\View\View.php(222): CodeIgniter\Exceptions\FrameworkException::forInvalidFile()
 2 SYSTEMPATH\View\View.php(484): CodeIgniter\View\View->render()
 3 APPPATH\Views\admin\layout\template.php(38): CodeIgniter\View\View->include()
 4 SYSTEMPATH\View\View.php(234): include('C:\\xampp\\htdocs\\bandatourmap\\app\\Views\\admin\\layout\\template.php')
 5 SYSTEMPATH\View\View.php(237): CodeIgniter\View\View->CodeIgniter\View\{closure}()
 6 SYSTEMPATH\View\View.php(250): CodeIgniter\View\View->render()
 7 SYSTEMPATH\Common.php(1171): CodeIgniter\View\View->render()
 8 APPPATH\Controllers\Admin\DashboardController.php(19): view()
 9 SYSTEMPATH\CodeIgniter.php(933): App\Controllers\Admin\DashboardController->index()
10 SYSTEMPATH\CodeIgniter.php(509): CodeIgniter\CodeIgniter->runController()
11 SYSTEMPATH\CodeIgniter.php(355): CodeIgniter\CodeIgniter->handleRequest()
12 SYSTEMPATH\Boot.php(312): CodeIgniter\CodeIgniter->run()
13 SYSTEMPATH\Boot.php(67): CodeIgniter\Boot::runCodeIgniter()
14 FCPATH\index.php(56): CodeIgniter\Boot::bootWeb()
CRITICAL - 2024-06-27 14:23:42 --> CodeIgniter\View\Exceptions\ViewException: Invalid file: "admin/layout/sidebar.php"
[Method: GET, Route: /]
in SYSTEMPATH\Exceptions\FrameworkException.php on line 41.
 1 SYSTEMPATH\View\View.php(222): CodeIgniter\Exceptions\FrameworkException::forInvalidFile()
 2 SYSTEMPATH\View\View.php(484): CodeIgniter\View\View->render()
 3 APPPATH\Views\admin\layout\template.php(38): CodeIgniter\View\View->include()
 4 SYSTEMPATH\View\View.php(234): include('C:\\xampp\\htdocs\\bandatourmap\\app\\Views\\admin\\layout\\template.php')
 5 SYSTEMPATH\View\View.php(237): CodeIgniter\View\View->CodeIgniter\View\{closure}()
 6 SYSTEMPATH\View\View.php(250): CodeIgniter\View\View->render()
 7 SYSTEMPATH\Common.php(1171): CodeIgniter\View\View->render()
 8 APPPATH\Controllers\Admin\DashboardController.php(19): view()
 9 SYSTEMPATH\CodeIgniter.php(933): App\Controllers\Admin\DashboardController->index()
10 SYSTEMPATH\CodeIgniter.php(509): CodeIgniter\CodeIgniter->runController()
11 SYSTEMPATH\CodeIgniter.php(355): CodeIgniter\CodeIgniter->handleRequest()
12 SYSTEMPATH\Boot.php(312): CodeIgniter\CodeIgniter->run()
13 SYSTEMPATH\Boot.php(67): CodeIgniter\Boot::runCodeIgniter()
14 FCPATH\index.php(56): CodeIgniter\Boot::bootWeb()
CRITICAL - 2024-06-27 14:23:46 --> CodeIgniter\View\Exceptions\ViewException: Invalid file: "admin/layout/sidebar.php"
[Method: GET, Route: /]
in SYSTEMPATH\Exceptions\FrameworkException.php on line 41.
 1 SYSTEMPATH\View\View.php(222): CodeIgniter\Exceptions\FrameworkException::forInvalidFile()
 2 SYSTEMPATH\View\View.php(484): CodeIgniter\View\View->render()
 3 APPPATH\Views\admin\layout\template.php(38): CodeIgniter\View\View->include()
 4 SYSTEMPATH\View\View.php(234): include('C:\\xampp\\htdocs\\bandatourmap\\app\\Views\\admin\\layout\\template.php')
 5 SYSTEMPATH\View\View.php(237): CodeIgniter\View\View->CodeIgniter\View\{closure}()
 6 SYSTEMPATH\View\View.php(250): CodeIgniter\View\View->render()
 7 SYSTEMPATH\Common.php(1171): CodeIgniter\View\View->render()
 8 APPPATH\Controllers\Admin\DashboardController.php(19): view()
 9 SYSTEMPATH\CodeIgniter.php(933): App\Controllers\Admin\DashboardController->index()
10 SYSTEMPATH\CodeIgniter.php(509): CodeIgniter\CodeIgniter->runController()
11 SYSTEMPATH\CodeIgniter.php(355): CodeIgniter\CodeIgniter->handleRequest()
12 SYSTEMPATH\Boot.php(312): CodeIgniter\CodeIgniter->run()
13 SYSTEMPATH\Boot.php(67): CodeIgniter\Boot::runCodeIgniter()
14 FCPATH\index.php(56): CodeIgniter\Boot::bootWeb()
CRITICAL - 2024-06-27 14:23:46 --> CodeIgniter\View\Exceptions\ViewException: Invalid file: "admin/layout/sidebar.php"
[Method: GET, Route: /]
in SYSTEMPATH\Exceptions\FrameworkException.php on line 41.
 1 SYSTEMPATH\View\View.php(222): CodeIgniter\Exceptions\FrameworkException::forInvalidFile()
 2 SYSTEMPATH\View\View.php(484): CodeIgniter\View\View->render()
 3 APPPATH\Views\admin\layout\template.php(38): CodeIgniter\View\View->include()
 4 SYSTEMPATH\View\View.php(234): include('C:\\xampp\\htdocs\\bandatourmap\\app\\Views\\admin\\layout\\template.php')
 5 SYSTEMPATH\View\View.php(237): CodeIgniter\View\View->CodeIgniter\View\{closure}()
 6 SYSTEMPATH\View\View.php(250): CodeIgniter\View\View->render()
 7 SYSTEMPATH\Common.php(1171): CodeIgniter\View\View->render()
 8 APPPATH\Controllers\Admin\DashboardController.php(19): view()
 9 SYSTEMPATH\CodeIgniter.php(933): App\Controllers\Admin\DashboardController->index()
10 SYSTEMPATH\CodeIgniter.php(509): CodeIgniter\CodeIgniter->runController()
11 SYSTEMPATH\CodeIgniter.php(355): CodeIgniter\CodeIgniter->handleRequest()
12 SYSTEMPATH\Boot.php(312): CodeIgniter\CodeIgniter->run()
13 SYSTEMPATH\Boot.php(67): CodeIgniter\Boot::runCodeIgniter()
14 FCPATH\index.php(56): CodeIgniter\Boot::bootWeb()
CRITICAL - 2024-06-27 14:23:49 --> CodeIgniter\View\Exceptions\ViewException: Invalid file: "admin/layout/sidebar.php"
[Method: GET, Route: /]
in SYSTEMPATH\Exceptions\FrameworkException.php on line 41.
 1 SYSTEMPATH\View\View.php(222): CodeIgniter\Exceptions\FrameworkException::forInvalidFile()
 2 SYSTEMPATH\View\View.php(484): CodeIgniter\View\View->render()
 3 APPPATH\Views\admin\layout\template.php(38): CodeIgniter\View\View->include()
 4 SYSTEMPATH\View\View.php(234): include('C:\\xampp\\htdocs\\bandatourmap\\app\\Views\\admin\\layout\\template.php')
 5 SYSTEMPATH\View\View.php(237): CodeIgniter\View\View->CodeIgniter\View\{closure}()
 6 SYSTEMPATH\View\View.php(250): CodeIgniter\View\View->render()
 7 SYSTEMPATH\Common.php(1171): CodeIgniter\View\View->render()
 8 APPPATH\Controllers\Admin\DashboardController.php(19): view()
 9 SYSTEMPATH\CodeIgniter.php(933): App\Controllers\Admin\DashboardController->index()
10 SYSTEMPATH\CodeIgniter.php(509): CodeIgniter\CodeIgniter->runController()
11 SYSTEMPATH\CodeIgniter.php(355): CodeIgniter\CodeIgniter->handleRequest()
12 SYSTEMPATH\Boot.php(312): CodeIgniter\CodeIgniter->run()
13 SYSTEMPATH\Boot.php(67): CodeIgniter\Boot::runCodeIgniter()
14 FCPATH\index.php(56): CodeIgniter\Boot::bootWeb()
CRITICAL - 2024-06-27 14:23:49 --> CodeIgniter\View\Exceptions\ViewException: Invalid file: "admin/layout/sidebar.php"
[Method: GET, Route: /]
in SYSTEMPATH\Exceptions\FrameworkException.php on line 41.
 1 SYSTEMPATH\View\View.php(222): CodeIgniter\Exceptions\FrameworkException::forInvalidFile()
 2 SYSTEMPATH\View\View.php(484): CodeIgniter\View\View->render()
 3 APPPATH\Views\admin\layout\template.php(38): CodeIgniter\View\View->include()
 4 SYSTEMPATH\View\View.php(234): include('C:\\xampp\\htdocs\\bandatourmap\\app\\Views\\admin\\layout\\template.php')
 5 SYSTEMPATH\View\View.php(237): CodeIgniter\View\View->CodeIgniter\View\{closure}()
 6 SYSTEMPATH\View\View.php(250): CodeIgniter\View\View->render()
 7 SYSTEMPATH\Common.php(1171): CodeIgniter\View\View->render()
 8 APPPATH\Controllers\Admin\DashboardController.php(19): view()
 9 SYSTEMPATH\CodeIgniter.php(933): App\Controllers\Admin\DashboardController->index()
10 SYSTEMPATH\CodeIgniter.php(509): CodeIgniter\CodeIgniter->runController()
11 SYSTEMPATH\CodeIgniter.php(355): CodeIgniter\CodeIgniter->handleRequest()
12 SYSTEMPATH\Boot.php(312): CodeIgniter\CodeIgniter->run()
13 SYSTEMPATH\Boot.php(67): CodeIgniter\Boot::runCodeIgniter()
14 FCPATH\index.php(56): CodeIgniter\Boot::bootWeb()
CRITICAL - 2024-06-27 14:24:28 --> CodeIgniter\View\Exceptions\ViewException: Invalid file: "admin/layout/sidebar.php"
[Method: GET, Route: /]
in SYSTEMPATH\Exceptions\FrameworkException.php on line 41.
 1 SYSTEMPATH\View\View.php(222): CodeIgniter\Exceptions\FrameworkException::forInvalidFile()
 2 SYSTEMPATH\View\View.php(484): CodeIgniter\View\View->render()
 3 APPPATH\Views\admin\layout\template.php(38): CodeIgniter\View\View->include()
 4 SYSTEMPATH\View\View.php(234): include('C:\\xampp\\htdocs\\bandatourmap\\app\\Views\\admin\\layout\\template.php')
 5 SYSTEMPATH\View\View.php(237): CodeIgniter\View\View->CodeIgniter\View\{closure}()
 6 SYSTEMPATH\View\View.php(250): CodeIgniter\View\View->render()
 7 SYSTEMPATH\Common.php(1171): CodeIgniter\View\View->render()
 8 APPPATH\Controllers\Admin\DashboardController.php(19): view()
 9 SYSTEMPATH\CodeIgniter.php(933): App\Controllers\Admin\DashboardController->index()
10 SYSTEMPATH\CodeIgniter.php(509): CodeIgniter\CodeIgniter->runController()
11 SYSTEMPATH\CodeIgniter.php(355): CodeIgniter\CodeIgniter->handleRequest()
12 SYSTEMPATH\Boot.php(312): CodeIgniter\CodeIgniter->run()
13 SYSTEMPATH\Boot.php(67): CodeIgniter\Boot::runCodeIgniter()
14 FCPATH\index.php(56): CodeIgniter\Boot::bootWeb()
CRITICAL - 2024-06-27 14:24:28 --> CodeIgniter\View\Exceptions\ViewException: Invalid file: "admin/layout/sidebar.php"
[Method: GET, Route: /]
in SYSTEMPATH\Exceptions\FrameworkException.php on line 41.
 1 SYSTEMPATH\View\View.php(222): CodeIgniter\Exceptions\FrameworkException::forInvalidFile()
 2 SYSTEMPATH\View\View.php(484): CodeIgniter\View\View->render()
 3 APPPATH\Views\admin\layout\template.php(38): CodeIgniter\View\View->include()
 4 SYSTEMPATH\View\View.php(234): include('C:\\xampp\\htdocs\\bandatourmap\\app\\Views\\admin\\layout\\template.php')
 5 SYSTEMPATH\View\View.php(237): CodeIgniter\View\View->CodeIgniter\View\{closure}()
 6 SYSTEMPATH\View\View.php(250): CodeIgniter\View\View->render()
 7 SYSTEMPATH\Common.php(1171): CodeIgniter\View\View->render()
 8 APPPATH\Controllers\Admin\DashboardController.php(19): view()
 9 SYSTEMPATH\CodeIgniter.php(933): App\Controllers\Admin\DashboardController->index()
10 SYSTEMPATH\CodeIgniter.php(509): CodeIgniter\CodeIgniter->runController()
11 SYSTEMPATH\CodeIgniter.php(355): CodeIgniter\CodeIgniter->handleRequest()
12 SYSTEMPATH\Boot.php(312): CodeIgniter\CodeIgniter->run()
13 SYSTEMPATH\Boot.php(67): CodeIgniter\Boot::runCodeIgniter()
14 FCPATH\index.php(56): CodeIgniter\Boot::bootWeb()
CRITICAL - 2024-06-27 14:24:31 --> CodeIgniter\View\Exceptions\ViewException: Invalid file: "admin/layout/sidebar.php"
[Method: GET, Route: /]
in SYSTEMPATH\Exceptions\FrameworkException.php on line 41.
 1 SYSTEMPATH\View\View.php(222): CodeIgniter\Exceptions\FrameworkException::forInvalidFile()
 2 SYSTEMPATH\View\View.php(484): CodeIgniter\View\View->render()
 3 APPPATH\Views\admin\layout\template.php(38): CodeIgniter\View\View->include()
 4 SYSTEMPATH\View\View.php(234): include('C:\\xampp\\htdocs\\bandatourmap\\app\\Views\\admin\\layout\\template.php')
 5 SYSTEMPATH\View\View.php(237): CodeIgniter\View\View->CodeIgniter\View\{closure}()
 6 SYSTEMPATH\View\View.php(250): CodeIgniter\View\View->render()
 7 SYSTEMPATH\Common.php(1171): CodeIgniter\View\View->render()
 8 APPPATH\Controllers\Admin\DashboardController.php(19): view()
 9 SYSTEMPATH\CodeIgniter.php(933): App\Controllers\Admin\DashboardController->index()
10 SYSTEMPATH\CodeIgniter.php(509): CodeIgniter\CodeIgniter->runController()
11 SYSTEMPATH\CodeIgniter.php(355): CodeIgniter\CodeIgniter->handleRequest()
12 SYSTEMPATH\Boot.php(312): CodeIgniter\CodeIgniter->run()
13 SYSTEMPATH\Boot.php(67): CodeIgniter\Boot::runCodeIgniter()
14 FCPATH\index.php(56): CodeIgniter\Boot::bootWeb()
CRITICAL - 2024-06-27 14:24:31 --> CodeIgniter\View\Exceptions\ViewException: Invalid file: "admin/layout/sidebar.php"
[Method: GET, Route: /]
in SYSTEMPATH\Exceptions\FrameworkException.php on line 41.
 1 SYSTEMPATH\View\View.php(222): CodeIgniter\Exceptions\FrameworkException::forInvalidFile()
 2 SYSTEMPATH\View\View.php(484): CodeIgniter\View\View->render()
 3 APPPATH\Views\admin\layout\template.php(38): CodeIgniter\View\View->include()
 4 SYSTEMPATH\View\View.php(234): include('C:\\xampp\\htdocs\\bandatourmap\\app\\Views\\admin\\layout\\template.php')
 5 SYSTEMPATH\View\View.php(237): CodeIgniter\View\View->CodeIgniter\View\{closure}()
 6 SYSTEMPATH\View\View.php(250): CodeIgniter\View\View->render()
 7 SYSTEMPATH\Common.php(1171): CodeIgniter\View\View->render()
 8 APPPATH\Controllers\Admin\DashboardController.php(19): view()
 9 SYSTEMPATH\CodeIgniter.php(933): App\Controllers\Admin\DashboardController->index()
10 SYSTEMPATH\CodeIgniter.php(509): CodeIgniter\CodeIgniter->runController()
11 SYSTEMPATH\CodeIgniter.php(355): CodeIgniter\CodeIgniter->handleRequest()
12 SYSTEMPATH\Boot.php(312): CodeIgniter\CodeIgniter->run()
13 SYSTEMPATH\Boot.php(67): CodeIgniter\Boot::runCodeIgniter()
14 FCPATH\index.php(56): CodeIgniter\Boot::bootWeb()
CRITICAL - 2024-06-27 16:52:15 --> CodeIgniter\View\Exceptions\ViewException: Invalid file: "admin/wisata/index.php"
[Method: GET, Route: wisata]
in SYSTEMPATH\Exceptions\FrameworkException.php on line 41.
 1 SYSTEMPATH\View\View.php(222): CodeIgniter\Exceptions\FrameworkException::forInvalidFile()
 2 SYSTEMPATH\Common.php(1171): CodeIgniter\View\View->render()
 3 APPPATH\Controllers\Admin\WisataController.php(19): view()
 4 SYSTEMPATH\CodeIgniter.php(933): App\Controllers\Admin\WisataController->index()
 5 SYSTEMPATH\CodeIgniter.php(509): CodeIgniter\CodeIgniter->runController()
 6 SYSTEMPATH\CodeIgniter.php(355): CodeIgniter\CodeIgniter->handleRequest()
 7 SYSTEMPATH\Boot.php(312): CodeIgniter\CodeIgniter->run()
 8 SYSTEMPATH\Boot.php(67): CodeIgniter\Boot::runCodeIgniter()
 9 FCPATH\index.php(56): CodeIgniter\Boot::bootWeb()
