CRITICAL - 2024-06-30 11:23:17 --> Error: Call to undefined function set_value()
[Method: GET, Route: wisata]
in APPPATH\Views\admin\wisata\index.php on line 90.
 1 SYSTEMPATH\View\View.php(234): include()
 2 SYSTEMPATH\View\View.php(237): CodeIgniter\View\View->CodeIgniter\View\{closure}()
 3 SYSTEMPATH\Common.php(1171): CodeIgniter\View\View->render()
 4 APPPATH\Controllers\Admin\WisataController.php(19): view()
 5 SYSTEMPATH\CodeIgniter.php(933): App\Controllers\Admin\WisataController->index()
 6 SYSTEMPATH\CodeIgniter.php(509): CodeIgniter\CodeIgniter->runController()
 7 SYSTEMPATH\CodeIgniter.php(355): CodeIgniter\CodeIgniter->handleRequest()
 8 SYSTEMPATH\Boot.php(312): CodeIgniter\CodeIgniter->run()
 9 SYSTEMPATH\Boot.php(67): CodeIgniter\Boot::runCodeIgniter()
10 FCPATH\index.php(56): CodeIgniter\Boot::bootWeb()
CRITICAL - 2024-06-30 14:35:52 --> Error: Call to undefined function set_value()
[Method: GET, Route: wisata/tambah]
in APPPATH\Views\admin\wisata\create.php on line 44.
 1 SYSTEMPATH\View\View.php(234): include()
 2 SYSTEMPATH\View\View.php(237): CodeIgniter\View\View->CodeIgniter\View\{closure}()
 3 SYSTEMPATH\Common.php(1171): CodeIgniter\View\View->render()
 4 APPPATH\Controllers\Admin\WisataController.php(29): view()
 5 SYSTEMPATH\CodeIgniter.php(933): App\Controllers\Admin\WisataController->form_create()
 6 SYSTEMPATH\CodeIgniter.php(509): CodeIgniter\CodeIgniter->runController()
 7 SYSTEMPATH\CodeIgniter.php(355): CodeIgniter\CodeIgniter->handleRequest()
 8 SYSTEMPATH\Boot.php(312): CodeIgniter\CodeIgniter->run()
 9 SYSTEMPATH\Boot.php(67): CodeIgniter\Boot::runCodeIgniter()
10 FCPATH\index.php(56): CodeIgniter\Boot::bootWeb()
CRITICAL - 2024-06-30 14:36:20 --> Error: Call to undefined function set_value()
[Method: GET, Route: wisata/tambah]
in APPPATH\Views\admin\wisata\create.php on line 44.
 1 SYSTEMPATH\View\View.php(234): include()
 2 SYSTEMPATH\View\View.php(237): CodeIgniter\View\View->CodeIgniter\View\{closure}()
 3 SYSTEMPATH\Common.php(1171): CodeIgniter\View\View->render()
 4 APPPATH\Controllers\Admin\WisataController.php(29): view()
 5 SYSTEMPATH\CodeIgniter.php(933): App\Controllers\Admin\WisataController->form_create()
 6 SYSTEMPATH\CodeIgniter.php(509): CodeIgniter\CodeIgniter->runController()
 7 SYSTEMPATH\CodeIgniter.php(355): CodeIgniter\CodeIgniter->handleRequest()
 8 SYSTEMPATH\Boot.php(312): CodeIgniter\CodeIgniter->run()
 9 SYSTEMPATH\Boot.php(67): CodeIgniter\Boot::runCodeIgniter()
10 FCPATH\index.php(56): CodeIgniter\Boot::bootWeb()
CRITICAL - 2024-06-30 14:36:35 --> Error: Call to undefined function set_value()
[Method: GET, Route: wisata/tambah]
in APPPATH\Views\admin\wisata\create.php on line 49.
 1 SYSTEMPATH\View\View.php(234): include()
 2 SYSTEMPATH\View\View.php(237): CodeIgniter\View\View->CodeIgniter\View\{closure}()
 3 SYSTEMPATH\Common.php(1171): CodeIgniter\View\View->render()
 4 APPPATH\Controllers\Admin\WisataController.php(29): view()
 5 SYSTEMPATH\CodeIgniter.php(933): App\Controllers\Admin\WisataController->form_create()
 6 SYSTEMPATH\CodeIgniter.php(509): CodeIgniter\CodeIgniter->runController()
 7 SYSTEMPATH\CodeIgniter.php(355): CodeIgniter\CodeIgniter->handleRequest()
 8 SYSTEMPATH\Boot.php(312): CodeIgniter\CodeIgniter->run()
 9 SYSTEMPATH\Boot.php(67): CodeIgniter\Boot::runCodeIgniter()
10 FCPATH\index.php(56): CodeIgniter\Boot::bootWeb()
ERROR - 2024-06-30 16:09:30 --> Error connecting to the database: ErrorException: mysqli::real_connect(): php_network_getaddresses: getaddrinfo for db_bandawisata failed: No such host is known.  in C:\xampp\htdocs\bandatourmap\system\Database\MySQLi\Connection.php:187
Stack trace:
#0 [internal function]: CodeIgniter\Debug\Exceptions->errorHandler()
#1 C:\xampp\htdocs\bandatourmap\system\Database\MySQLi\Connection.php(187): mysqli->real_connect()
#2 C:\xampp\htdocs\bandatourmap\system\Database\BaseConnection.php(421): CodeIgniter\Database\MySQLi\Connection->connect()
#3 C:\xampp\htdocs\bandatourmap\system\Database\BaseConnection.php(604): CodeIgniter\Database\BaseConnection->initialize()
#4 C:\xampp\htdocs\bandatourmap\system\Database\BaseBuilder.php(1629): CodeIgniter\Database\BaseConnection->query()
#5 C:\xampp\htdocs\bandatourmap\system\Validation\StrictRules\Rules.php(228): CodeIgniter\Database\BaseBuilder->get()
#6 C:\xampp\htdocs\bandatourmap\system\Validation\Validation.php(336): CodeIgniter\Validation\StrictRules\Rules->is_unique()
#7 C:\xampp\htdocs\bandatourmap\system\Validation\Validation.php(201): CodeIgniter\Validation\Validation->processRules()
#8 C:\xampp\htdocs\bandatourmap\system\Controller.php(137): CodeIgniter\Validation\Validation->run()
#9 C:\xampp\htdocs\bandatourmap\app\Controllers\Admin\WisataController.php(36): CodeIgniter\Controller->validate()
#10 C:\xampp\htdocs\bandatourmap\system\CodeIgniter.php(933): App\Controllers\Admin\WisataController->simpan()
#11 C:\xampp\htdocs\bandatourmap\system\CodeIgniter.php(509): CodeIgniter\CodeIgniter->runController()
#12 C:\xampp\htdocs\bandatourmap\system\CodeIgniter.php(355): CodeIgniter\CodeIgniter->handleRequest()
#13 C:\xampp\htdocs\bandatourmap\system\Boot.php(312): CodeIgniter\CodeIgniter->run()
#14 C:\xampp\htdocs\bandatourmap\system\Boot.php(67): CodeIgniter\Boot::runCodeIgniter()
#15 C:\xampp\htdocs\bandatourmap\index.php(56): CodeIgniter\Boot::bootWeb()
#16 {main}

Next mysqli_sql_exception: php_network_getaddresses: getaddrinfo for db_bandawisata failed: No such host is known.  in C:\xampp\htdocs\bandatourmap\system\Database\MySQLi\Connection.php:187
Stack trace:
#0 C:\xampp\htdocs\bandatourmap\system\Database\MySQLi\Connection.php(187): mysqli->real_connect()
#1 C:\xampp\htdocs\bandatourmap\system\Database\BaseConnection.php(421): CodeIgniter\Database\MySQLi\Connection->connect()
#2 C:\xampp\htdocs\bandatourmap\system\Database\BaseConnection.php(604): CodeIgniter\Database\BaseConnection->initialize()
#3 C:\xampp\htdocs\bandatourmap\system\Database\BaseBuilder.php(1629): CodeIgniter\Database\BaseConnection->query()
#4 C:\xampp\htdocs\bandatourmap\system\Validation\StrictRules\Rules.php(228): CodeIgniter\Database\BaseBuilder->get()
#5 C:\xampp\htdocs\bandatourmap\system\Validation\Validation.php(336): CodeIgniter\Validation\StrictRules\Rules->is_unique()
#6 C:\xampp\htdocs\bandatourmap\system\Validation\Validation.php(201): CodeIgniter\Validation\Validation->processRules()
#7 C:\xampp\htdocs\bandatourmap\system\Controller.php(137): CodeIgniter\Validation\Validation->run()
#8 C:\xampp\htdocs\bandatourmap\app\Controllers\Admin\WisataController.php(36): CodeIgniter\Controller->validate()
#9 C:\xampp\htdocs\bandatourmap\system\CodeIgniter.php(933): App\Controllers\Admin\WisataController->simpan()
#10 C:\xampp\htdocs\bandatourmap\system\CodeIgniter.php(509): CodeIgniter\CodeIgniter->runController()
#11 C:\xampp\htdocs\bandatourmap\system\CodeIgniter.php(355): CodeIgniter\CodeIgniter->handleRequest()
#12 C:\xampp\htdocs\bandatourmap\system\Boot.php(312): CodeIgniter\CodeIgniter->run()
#13 C:\xampp\htdocs\bandatourmap\system\Boot.php(67): CodeIgniter\Boot::runCodeIgniter()
#14 C:\xampp\htdocs\bandatourmap\index.php(56): CodeIgniter\Boot::bootWeb()
#15 {main}

Next CodeIgniter\Database\Exceptions\DatabaseException: php_network_getaddresses: getaddrinfo for db_bandawisata failed: No such host is known.  in C:\xampp\htdocs\bandatourmap\system\Database\MySQLi\Connection.php:231
Stack trace:
#0 C:\xampp\htdocs\bandatourmap\system\Database\BaseConnection.php(421): CodeIgniter\Database\MySQLi\Connection->connect()
#1 C:\xampp\htdocs\bandatourmap\system\Database\BaseConnection.php(604): CodeIgniter\Database\BaseConnection->initialize()
#2 C:\xampp\htdocs\bandatourmap\system\Database\BaseBuilder.php(1629): CodeIgniter\Database\BaseConnection->query()
#3 C:\xampp\htdocs\bandatourmap\system\Validation\StrictRules\Rules.php(228): CodeIgniter\Database\BaseBuilder->get()
#4 C:\xampp\htdocs\bandatourmap\system\Validation\Validation.php(336): CodeIgniter\Validation\StrictRules\Rules->is_unique()
#5 C:\xampp\htdocs\bandatourmap\system\Validation\Validation.php(201): CodeIgniter\Validation\Validation->processRules()
#6 C:\xampp\htdocs\bandatourmap\system\Controller.php(137): CodeIgniter\Validation\Validation->run()
#7 C:\xampp\htdocs\bandatourmap\app\Controllers\Admin\WisataController.php(36): CodeIgniter\Controller->validate()
#8 C:\xampp\htdocs\bandatourmap\system\CodeIgniter.php(933): App\Controllers\Admin\WisataController->simpan()
#9 C:\xampp\htdocs\bandatourmap\system\CodeIgniter.php(509): CodeIgniter\CodeIgniter->runController()
#10 C:\xampp\htdocs\bandatourmap\system\CodeIgniter.php(355): CodeIgniter\CodeIgniter->handleRequest()
#11 C:\xampp\htdocs\bandatourmap\system\Boot.php(312): CodeIgniter\CodeIgniter->run()
#12 C:\xampp\htdocs\bandatourmap\system\Boot.php(67): CodeIgniter\Boot::runCodeIgniter()
#13 C:\xampp\htdocs\bandatourmap\index.php(56): CodeIgniter\Boot::bootWeb()
#14 {main}
CRITICAL - 2024-06-30 16:09:30 --> CodeIgniter\Database\Exceptions\DatabaseException: Unable to connect to the database.
Main connection [MySQLi]: php_network_getaddresses: getaddrinfo for db_bandawisata failed: No such host is known. 
[Method: POST, Route: wisata/simpan]
in SYSTEMPATH\Database\BaseConnection.php on line 457.
 1 SYSTEMPATH\Database\BaseConnection.php(604): CodeIgniter\Database\BaseConnection->initialize()
 2 SYSTEMPATH\Database\BaseBuilder.php(1629): CodeIgniter\Database\BaseConnection->query()
 3 SYSTEMPATH\Validation\StrictRules\Rules.php(228): CodeIgniter\Database\BaseBuilder->get()
 4 SYSTEMPATH\Validation\Validation.php(336): CodeIgniter\Validation\StrictRules\Rules->is_unique()
 5 SYSTEMPATH\Validation\Validation.php(201): CodeIgniter\Validation\Validation->processRules()
 6 SYSTEMPATH\Controller.php(137): CodeIgniter\Validation\Validation->run()
 7 APPPATH\Controllers\Admin\WisataController.php(36): CodeIgniter\Controller->validate()
 8 SYSTEMPATH\CodeIgniter.php(933): App\Controllers\Admin\WisataController->simpan()
 9 SYSTEMPATH\CodeIgniter.php(509): CodeIgniter\CodeIgniter->runController()
10 SYSTEMPATH\CodeIgniter.php(355): CodeIgniter\CodeIgniter->handleRequest()
11 SYSTEMPATH\Boot.php(312): CodeIgniter\CodeIgniter->run()
12 SYSTEMPATH\Boot.php(67): CodeIgniter\Boot::runCodeIgniter()
13 FCPATH\index.php(56): CodeIgniter\Boot::bootWeb()
ERROR - 2024-06-30 23:14:31 --> mysqli_sql_exception: Column 'created_by' cannot be null in C:\xampp\htdocs\bandatourmap\system\Database\MySQLi\Connection.php:308
Stack trace:
#0 C:\xampp\htdocs\bandatourmap\system\Database\MySQLi\Connection.php(308): mysqli->query()
#1 C:\xampp\htdocs\bandatourmap\system\Database\BaseConnection.php(722): CodeIgniter\Database\MySQLi\Connection->execute()
#2 C:\xampp\htdocs\bandatourmap\system\Database\BaseConnection.php(636): CodeIgniter\Database\BaseConnection->simpleQuery()
#3 C:\xampp\htdocs\bandatourmap\system\Database\BaseBuilder.php(2325): CodeIgniter\Database\BaseConnection->query()
#4 C:\xampp\htdocs\bandatourmap\system\Model.php(383): CodeIgniter\Database\BaseBuilder->insert()
#5 C:\xampp\htdocs\bandatourmap\system\BaseModel.php(840): CodeIgniter\Model->doInsert()
#6 C:\xampp\htdocs\bandatourmap\system\Model.php(791): CodeIgniter\BaseModel->insert()
#7 C:\xampp\htdocs\bandatourmap\app\Controllers\Admin\WisataController.php(109): CodeIgniter\Model->insert()
#8 C:\xampp\htdocs\bandatourmap\system\CodeIgniter.php(933): App\Controllers\Admin\WisataController->simpan()
#9 C:\xampp\htdocs\bandatourmap\system\CodeIgniter.php(509): CodeIgniter\CodeIgniter->runController()
#10 C:\xampp\htdocs\bandatourmap\system\CodeIgniter.php(355): CodeIgniter\CodeIgniter->handleRequest()
#11 C:\xampp\htdocs\bandatourmap\system\Boot.php(312): CodeIgniter\CodeIgniter->run()
#12 C:\xampp\htdocs\bandatourmap\system\Boot.php(67): CodeIgniter\Boot::runCodeIgniter()
#13 C:\xampp\htdocs\bandatourmap\index.php(56): CodeIgniter\Boot::bootWeb()
#14 {main}
CRITICAL - 2024-06-30 23:14:31 --> CodeIgniter\Database\Exceptions\DatabaseException: Column 'created_by' cannot be null
[Method: POST, Route: wisata/simpan]
in SYSTEMPATH\Database\BaseConnection.php on line 676.
 1 SYSTEMPATH\Database\BaseBuilder.php(2325): CodeIgniter\Database\BaseConnection->query()
 2 SYSTEMPATH\Model.php(383): CodeIgniter\Database\BaseBuilder->insert()
 3 SYSTEMPATH\BaseModel.php(840): CodeIgniter\Model->doInsert()
 4 SYSTEMPATH\Model.php(791): CodeIgniter\BaseModel->insert()
 5 APPPATH\Controllers\Admin\WisataController.php(109): CodeIgniter\Model->insert()
 6 SYSTEMPATH\CodeIgniter.php(933): App\Controllers\Admin\WisataController->simpan()
 7 SYSTEMPATH\CodeIgniter.php(509): CodeIgniter\CodeIgniter->runController()
 8 SYSTEMPATH\CodeIgniter.php(355): CodeIgniter\CodeIgniter->handleRequest()
 9 SYSTEMPATH\Boot.php(312): CodeIgniter\CodeIgniter->run()
10 SYSTEMPATH\Boot.php(67): CodeIgniter\Boot::runCodeIgniter()
11 FCPATH\index.php(56): CodeIgniter\Boot::bootWeb()
CRITICAL - 2024-06-30 23:14:31 --> [Caused by] CodeIgniter\Database\Exceptions\DatabaseException: Column 'created_by' cannot be null
in SYSTEMPATH\Database\MySQLi\Connection.php on line 313.
 1 SYSTEMPATH\Database\BaseConnection.php(722): CodeIgniter\Database\MySQLi\Connection->execute()
 2 SYSTEMPATH\Database\BaseConnection.php(636): CodeIgniter\Database\BaseConnection->simpleQuery()
 3 SYSTEMPATH\Database\BaseBuilder.php(2325): CodeIgniter\Database\BaseConnection->query()
 4 SYSTEMPATH\Model.php(383): CodeIgniter\Database\BaseBuilder->insert()
 5 SYSTEMPATH\BaseModel.php(840): CodeIgniter\Model->doInsert()
 6 SYSTEMPATH\Model.php(791): CodeIgniter\BaseModel->insert()
 7 APPPATH\Controllers\Admin\WisataController.php(109): CodeIgniter\Model->insert()
 8 SYSTEMPATH\CodeIgniter.php(933): App\Controllers\Admin\WisataController->simpan()
 9 SYSTEMPATH\CodeIgniter.php(509): CodeIgniter\CodeIgniter->runController()
10 SYSTEMPATH\CodeIgniter.php(355): CodeIgniter\CodeIgniter->handleRequest()
11 SYSTEMPATH\Boot.php(312): CodeIgniter\CodeIgniter->run()
12 SYSTEMPATH\Boot.php(67): CodeIgniter\Boot::runCodeIgniter()
13 FCPATH\index.php(56): CodeIgniter\Boot::bootWeb()
CRITICAL - 2024-06-30 23:14:31 --> [Caused by] mysqli_sql_exception: Column 'created_by' cannot be null
in SYSTEMPATH\Database\MySQLi\Connection.php on line 308.
 1 SYSTEMPATH\Database\MySQLi\Connection.php(308): mysqli->query()
 2 SYSTEMPATH\Database\BaseConnection.php(722): CodeIgniter\Database\MySQLi\Connection->execute()
 3 SYSTEMPATH\Database\BaseConnection.php(636): CodeIgniter\Database\BaseConnection->simpleQuery()
 4 SYSTEMPATH\Database\BaseBuilder.php(2325): CodeIgniter\Database\BaseConnection->query()
 5 SYSTEMPATH\Model.php(383): CodeIgniter\Database\BaseBuilder->insert()
 6 SYSTEMPATH\BaseModel.php(840): CodeIgniter\Model->doInsert()
 7 SYSTEMPATH\Model.php(791): CodeIgniter\BaseModel->insert()
 8 APPPATH\Controllers\Admin\WisataController.php(109): CodeIgniter\Model->insert()
 9 SYSTEMPATH\CodeIgniter.php(933): App\Controllers\Admin\WisataController->simpan()
10 SYSTEMPATH\CodeIgniter.php(509): CodeIgniter\CodeIgniter->runController()
11 SYSTEMPATH\CodeIgniter.php(355): CodeIgniter\CodeIgniter->handleRequest()
12 SYSTEMPATH\Boot.php(312): CodeIgniter\CodeIgniter->run()
13 SYSTEMPATH\Boot.php(67): CodeIgniter\Boot::runCodeIgniter()
14 FCPATH\index.php(56): CodeIgniter\Boot::bootWeb()
INFO - 2024-06-30 23:23:16 --> Session: Class initialized using 'CodeIgniter\Session\Handlers\FileHandler' driver.
